{"synthetic": false,
 "schemaVersion": "2025-09-10",
 "outputs":
 {"o": ["f447fa7fec598c4d.olean"],
  "i": "ef761d671943ac7e.ilean",
  "c": "10531a197d7e66d5.c"},
 "log":
 [{"message":
   ".> LEAN_PATH=/Users/nick.palladinos/Projects/typescript-lean/.lake/build/lib/lean /Users/nick.palladinos/.elan/toolchains/leanprover--lean4---v4.27.0/bin/lean /Users/nick.palladinos/Projects/typescript-lean/TSLean/TSLean/Ast/Ast.lean -o /Users/nick.palladinos/Projects/typescript-lean/.lake/build/lib/lean/TSLean/Ast/Ast.olean -i /Users/nick.palladinos/Projects/typescript-lean/.lake/build/lib/lean/TSLean/Ast/Ast.ilean -c /Users/nick.palladinos/Projects/typescript-lean/.lake/build/ir/TSLean/Ast/Ast.c --setup /Users/nick.palladinos/Projects/typescript-lean/.lake/build/ir/TSLean/Ast/Ast.setup.json --json",
   "level": "trace"}],
 "inputs":
 [["TSLean.Ast.Ast:deps",
   [["deps",
     [["«typescript-lean»/TSLean:extraDep",
       [["@«typescript-lean»:extraDep", "00000000000006bb"]]],
      ["imports",
       [["TSLean.Ast.SyntaxKind transitive imports (legacy)",
         "00000000000006bb"],
        ["TSLean.Ast.SyntaxKind:importAllArts", "6c2d0ca218766da6"],
        ["TSLean.Ast.NodeData transitive imports (legacy)", "10cbfcc58e75f853"],
        ["TSLean.Ast.NodeData:importAllArts", "4aa5840e622bd0ae"]]]]],
    ["libs",
     [["import dynlibs", "00000000000006bb"],
      ["package external libraries", "00000000000006bb"],
      ["module dynlibs", "00000000000006bb"],
      ["module plugins", "00000000000006bb"]]]]],
  ["Lean 4.27.0, commit db93fe1608548721853390a10cd40580fe7d22ae",
   "9a2be90fd35343e5"],
  ["/Users/nick.palladinos/Projects/typescript-lean/TSLean/TSLean/Ast/Ast.lean",
   "7263399819d83c0c"],
  ["options", [["-DautoImplicit=false", "4a85acb881fd49d0"]]],
  ["Module.leanArgs: #[]", "00000000000006bb"]],
 "depHash": "6230bd0e91aa8ce7"}