{"synthetic": false,
 "schemaVersion": "2025-09-10",
 "outputs":
 {"o": ["17181fa943a23dfa.olean"],
  "i": "12cf969f054fec24.ilean",
  "c": "c281e33eca60ab03.c"},
 "log":
 [{"message":
   ".> LEAN_PATH=/Users/nick.palladinos/Projects/typescript-lean/.lake/build/lib/lean /Users/nick.palladinos/.elan/toolchains/leanprover--lean4---v4.27.0/bin/lean /Users/nick.palladinos/Projects/typescript-lean/TSLean/TSLean/Ast/Flags.lean -o /Users/nick.palladinos/Projects/typescript-lean/.lake/build/lib/lean/TSLean/Ast/Flags.olean -i /Users/nick.palladinos/Projects/typescript-lean/.lake/build/lib/lean/TSLean/Ast/Flags.ilean -c /Users/nick.palladinos/Projects/typescript-lean/.lake/build/ir/TSLean/Ast/Flags.c --setup /Users/nick.palladinos/Projects/typescript-lean/.lake/build/ir/TSLean/Ast/Flags.setup.json --json",
   "level": "trace"}],
 "inputs":
 [["TSLean.Ast.Flags:deps",
   [["deps",
     [["«typescript-lean»/TSLean:extraDep",
       [["@«typescript-lean»:extraDep", "00000000000006bb"]]],
      ["imports", "00000000000006bb"]]],
    ["libs",
     [["import dynlibs", "00000000000006bb"],
      ["package external libraries", "00000000000006bb"],
      ["module dynlibs", "00000000000006bb"],
      ["module plugins", "00000000000006bb"]]]]],
  ["Lean 4.27.0, commit db93fe1608548721853390a10cd40580fe7d22ae",
   "9a2be90fd35343e5"],
  ["/Users/nick.palladinos/Projects/typescript-lean/TSLean/TSLean/Ast/Flags.lean",
   "862deee800290f0e"],
  ["options", [["-DautoImplicit=false", "4a85acb881fd49d0"]]],
  ["Module.leanArgs: #[]", "00000000000006bb"]],
 "depHash": "00679b456098dbc0"}