{"synthetic": false,
 "schemaVersion": "2025-09-10",
 "outputs":
 {"o": ["71bd5fd56d5e8536.olean"],
  "i": "737e2e461239ec4a.ilean",
  "c": "9d4149a14968ab16.c"},
 "log":
 [{"message":
   ".> LEAN_PATH=/Users/nick.palladinos/Projects/typescript-lean/.lake/build/lib/lean /Users/nick.palladinos/.elan/toolchains/leanprover--lean4---v4.27.0/bin/lean /Users/nick.palladinos/Projects/typescript-lean/TSLean/TSLean/Ast/Symbol.lean -o /Users/nick.palladinos/Projects/typescript-lean/.lake/build/lib/lean/TSLean/Ast/Symbol.olean -i /Users/nick.palladinos/Projects/typescript-lean/.lake/build/lib/lean/TSLean/Ast/Symbol.ilean -c /Users/nick.palladinos/Projects/typescript-lean/.lake/build/ir/TSLean/Ast/Symbol.c --setup /Users/nick.palladinos/Projects/typescript-lean/.lake/build/ir/TSLean/Ast/Symbol.setup.json --json",
   "level": "trace"}],
 "inputs":
 [["TSLean.Ast.Symbol:deps",
   [["deps",
     [["«typescript-lean»/TSLean:extraDep",
       [["@«typescript-lean»:extraDep", "00000000000006bb"]]],
      ["imports",
       [["TSLean.Ast.NodeData transitive imports (legacy)", "10cbfcc58e75f853"],
        ["TSLean.Ast.NodeData:importAllArts", "4aa5840e622bd0ae"],
        ["TSLean.Ast.Flags transitive imports (legacy)", "00000000000006bb"],
        ["TSLean.Ast.Flags:importAllArts", "50a9f4b47bc71600"]]]]],
    ["libs",
     [["import dynlibs", "00000000000006bb"],
      ["package external libraries", "00000000000006bb"],
      ["module dynlibs", "00000000000006bb"],
      ["module plugins", "00000000000006bb"]]]]],
  ["Lean 4.27.0, commit db93fe1608548721853390a10cd40580fe7d22ae",
   "9a2be90fd35343e5"],
  ["/Users/nick.palladinos/Projects/typescript-lean/TSLean/TSLean/Ast/Symbol.lean",
   "1bd74dab58c15a25"],
  ["options", [["-DautoImplicit=false", "4a85acb881fd49d0"]]],
  ["Module.leanArgs: #[]", "00000000000006bb"]],
 "depHash": "2e6f197bb52398f9"}