{"synthetic": false,
 "schemaVersion": "2025-09-10",
 "outputs":
 {"o": ["daa6725b22fcb502.olean"],
  "i": "85f744296193f880.ilean",
  "c": "4885dc0ec31e4585.c"},
 "log":
 [{"message":
   ".> LEAN_PATH=/Users/nick.palladinos/Projects/typescript-lean/.lake/build/lib/lean /Users/nick.palladinos/.elan/toolchains/leanprover--lean4---v4.27.0/bin/lean /Users/nick.palladinos/Projects/typescript-lean/TSLean/TSLean/Ast/SyntaxKind.lean -o /Users/nick.palladinos/Projects/typescript-lean/.lake/build/lib/lean/TSLean/Ast/SyntaxKind.olean -i /Users/nick.palladinos/Projects/typescript-lean/.lake/build/lib/lean/TSLean/Ast/SyntaxKind.ilean -c /Users/nick.palladinos/Projects/typescript-lean/.lake/build/ir/TSLean/Ast/SyntaxKind.c --setup /Users/nick.palladinos/Projects/typescript-lean/.lake/build/ir/TSLean/Ast/SyntaxKind.setup.json --json",
   "level": "trace"}],
 "inputs":
 [["TSLean.Ast.SyntaxKind:deps",
   [["deps",
     [["«typescript-lean»/TSLean:extraDep",
       [["@«typescript-lean»:extraDep", "00000000000006bb"]]],
      ["imports", "00000000000006bb"]]],
    ["libs",
     [["import dynlibs", "00000000000006bb"],
      ["package external libraries", "00000000000006bb"],
      ["module dynlibs", "00000000000006bb"],
      ["module plugins", "00000000000006bb"]]]]],
  ["Lean 4.27.0, commit db93fe1608548721853390a10cd40580fe7d22ae",
   "9a2be90fd35343e5"],
  ["/Users/nick.palladinos/Projects/typescript-lean/TSLean/TSLean/Ast/SyntaxKind.lean",
   "48f407d23f42450f"],
  ["options", [["-DautoImplicit=false", "4a85acb881fd49d0"]]],
  ["Module.leanArgs: #[]", "00000000000006bb"]],
 "depHash": "9d8ae50085a67bc5"}