{"synthetic": false,
 "schemaVersion": "2025-09-10",
 "outputs":
 {"o": ["2102dfddede68eb7.olean"],
  "i": "8015666fce938ea3.ilean",
  "c": "1d8035b001c20f2e.c"},
 "log":
 [{"message":
   ".> LEAN_PATH=/Users/nick.palladinos/Projects/typescript-lean/.lake/build/lib/lean /Users/nick.palladinos/.elan/toolchains/leanprover--lean4---v4.27.0/bin/lean /Users/nick.palladinos/Projects/typescript-lean/TSLean/TSLean/Parser/ParserContext.lean -o /Users/nick.palladinos/Projects/typescript-lean/.lake/build/lib/lean/TSLean/Parser/ParserContext.olean -i /Users/nick.palladinos/Projects/typescript-lean/.lake/build/lib/lean/TSLean/Parser/ParserContext.ilean -c /Users/nick.palladinos/Projects/typescript-lean/.lake/build/ir/TSLean/Parser/ParserContext.c --setup /Users/nick.palladinos/Projects/typescript-lean/.lake/build/ir/TSLean/Parser/ParserContext.setup.json --json",
   "level": "trace"}],
 "inputs":
 [["TSLean.Parser.ParserContext:deps",
   [["deps",
     [["«typescript-lean»/TSLean:extraDep",
       [["@«typescript-lean»:extraDep", "00000000000006bb"]]],
      ["imports",
       [["TSLean.Ast.SyntaxKind transitive imports (legacy)",
         "00000000000006bb"],
        ["TSLean.Ast.SyntaxKind:importAllArts", "6c2d0ca218766da6"]]]]],
    ["libs",
     [["import dynlibs", "00000000000006bb"],
      ["package external libraries", "00000000000006bb"],
      ["module dynlibs", "00000000000006bb"],
      ["module plugins", "00000000000006bb"]]]]],
  ["Lean 4.27.0, commit db93fe1608548721853390a10cd40580fe7d22ae",
   "9a2be90fd35343e5"],
  ["/Users/nick.palladinos/Projects/typescript-lean/TSLean/TSLean/Parser/ParserContext.lean",
   "c0845dbe041d9248"],
  ["options", [["-DautoImplicit=false", "4a85acb881fd49d0"]]],
  ["Module.leanArgs: #[]", "00000000000006bb"]],
 "depHash": "c358b41a207ff98a"}