{"synthetic": false,
 "schemaVersion": "2025-09-10",
 "outputs":
 {"o": ["a3775141a1b8607c.olean"],
  "i": "1d30b2ce7ada8f20.ilean",
  "c": "41ae26cc277b1920.c"},
 "log":
 [{"message":
   ".> LEAN_PATH=/Users/nick.palladinos/Projects/typescript-lean/.lake/build/lib/lean /Users/nick.palladinos/.elan/toolchains/leanprover--lean4---v4.27.0/bin/lean /Users/nick.palladinos/Projects/typescript-lean/TSLean/TSLean/Parser/Parser.lean -o /Users/nick.palladinos/Projects/typescript-lean/.lake/build/lib/lean/TSLean/Parser/Parser.olean -i /Users/nick.palladinos/Projects/typescript-lean/.lake/build/lib/lean/TSLean/Parser/Parser.ilean -c /Users/nick.palladinos/Projects/typescript-lean/.lake/build/ir/TSLean/Parser/Parser.c --setup /Users/nick.palladinos/Projects/typescript-lean/.lake/build/ir/TSLean/Parser/Parser.setup.json --json",
   "level": "trace"}],
 "inputs":
 [["TSLean.Parser.Parser:deps",
   [["deps",
     [["«typescript-lean»/TSLean:extraDep",
       [["@«typescript-lean»:extraDep", "00000000000006bb"]]],
      ["imports",
       [["TSLean.Ast.SyntaxKind transitive imports (legacy)",
         "00000000000006bb"],
        ["TSLean.Ast.SyntaxKind:importAllArts", "6c2d0ca218766da6"],
        ["TSLean.Ast.NodeData transitive imports (legacy)", "10cbfcc58e75f853"],
        ["TSLean.Ast.NodeData:importAllArts", "4aa5840e622bd0ae"],
        ["TSLean.Ast.Flags transitive imports (legacy)", "00000000000006bb"],
        ["TSLean.Ast.Flags:importAllArts", "50a9f4b47bc71600"],
        ["TSLean.Ast.Ast transitive imports (legacy)", "94c891aed720c823"],
        ["TSLean.Ast.Ast:importAllArts", "026539d17bef863e"],
        ["TSLean.Scanner.Scanner transitive imports (legacy)",
         "13bebb7e70c24838"],
        ["TSLean.Scanner.Scanner:importAllArts", "8cdb0f0cad5fb7dc"],
        ["TSLean.Parser.ParserContext transitive imports (legacy)",
         "afa4d82c96483501"],
        ["TSLean.Parser.ParserContext:importAllArts", "3aa1178134d5cee0"],
        ["TSLean.Diagnostics.Category transitive imports (legacy)",
         "00000000000006bb"],
        ["TSLean.Diagnostics.Category:importAllArts", "bb0107bc040a012f"]]]]],
    ["libs",
     [["import dynlibs", "00000000000006bb"],
      ["package external libraries", "00000000000006bb"],
      ["module dynlibs", "00000000000006bb"],
      ["module plugins", "00000000000006bb"]]]]],
  ["Lean 4.27.0, commit db93fe1608548721853390a10cd40580fe7d22ae",
   "9a2be90fd35343e5"],
  ["/Users/nick.palladinos/Projects/typescript-lean/TSLean/TSLean/Parser/Parser.lean",
   "8e5a4141d4c60d58"],
  ["options", [["-DautoImplicit=false", "4a85acb881fd49d0"]]],
  ["Module.leanArgs: #[]", "00000000000006bb"]],
 "depHash": "affbfa1198b3eb7a"}