{"synthetic": false,
 "schemaVersion": "2025-09-10",
 "outputs":
 {"o": ["4c97184dfef8b7ec.olean"],
  "i": "1302931df2415a8f.ilean",
  "c": "5143b7974db0b01e.c"},
 "log":
 [{"message":
   ".> LEAN_PATH=/Users/nick.palladinos/Projects/typescript-lean/.lake/build/lib/lean /Users/nick.palladinos/.elan/toolchains/leanprover--lean4---v4.27.0/bin/lean /Users/nick.palladinos/Projects/typescript-lean/TSLean/TSLean.lean -o /Users/nick.palladinos/Projects/typescript-lean/.lake/build/lib/lean/TSLean.olean -i /Users/nick.palladinos/Projects/typescript-lean/.lake/build/lib/lean/TSLean.ilean -c /Users/nick.palladinos/Projects/typescript-lean/.lake/build/ir/TSLean.c --setup /Users/nick.palladinos/Projects/typescript-lean/.lake/build/ir/TSLean.setup.json --json",
   "level": "trace"}],
 "inputs":
 [["TSLean:deps",
   [["deps",
     [["«typescript-lean»/TSLean:extraDep",
       [["@«typescript-lean»:extraDep", "00000000000006bb"]]],
      ["imports",
       [["TSLean.Core.TextRange transitive imports (legacy)",
         "00000000000006bb"],
        ["TSLean.Core.TextRange:importAllArts", "30e7b83e0896c8c2"],
        ["TSLean.Ast.SyntaxKind transitive imports (legacy)",
         "00000000000006bb"],
        ["TSLean.Ast.SyntaxKind:importAllArts", "6c2d0ca218766da6"],
        ["TSLean.Ast.Flags transitive imports (legacy)", "00000000000006bb"],
        ["TSLean.Ast.Flags:importAllArts", "50a9f4b47bc71600"],
        ["TSLean.Ast.NodeData transitive imports (legacy)", "10cbfcc58e75f853"],
        ["TSLean.Ast.NodeData:importAllArts", "4aa5840e622bd0ae"],
        ["TSLean.Ast.Ast transitive imports (legacy)", "94c891aed720c823"],
        ["TSLean.Ast.Ast:importAllArts", "026539d17bef863e"],
        ["TSLean.Ast.Symbol transitive imports (legacy)", "56f544affd8204ed"],
        ["TSLean.Ast.Symbol:importAllArts", "07720c5e93de6ec7"],
        ["TSLean.Diagnostics.Category transitive imports (legacy)",
         "00000000000006bb"],
        ["TSLean.Diagnostics.Category:importAllArts", "bb0107bc040a012f"],
        ["TSLean.Scanner.CharCodes transitive imports (legacy)",
         "00000000000006bb"],
        ["TSLean.Scanner.CharCodes:importAllArts", "1b7f427c0cb01fb1"],
        ["TSLean.Scanner.Keywords transitive imports (legacy)",
         "afa4d82c96483501"],
        ["TSLean.Scanner.Keywords:importAllArts", "a0e4004fefb891cd"],
        ["TSLean.Scanner.Scanner transitive imports (legacy)",
         "13bebb7e70c24838"],
        ["TSLean.Scanner.Scanner:importAllArts", "8cdb0f0cad5fb7dc"],
        ["TSLean.Parser.ParserContext transitive imports (legacy)",
         "afa4d82c96483501"],
        ["TSLean.Parser.ParserContext:importAllArts", "3aa1178134d5cee0"],
        ["TSLean.Parser.Parser transitive imports (legacy)",
         "c5f658314c06aaf2"],
        ["TSLean.Parser.Parser:importAllArts", "963790de8552c9ef"]]]]],
    ["libs",
     [["import dynlibs", "00000000000006bb"],
      ["package external libraries", "00000000000006bb"],
      ["module dynlibs", "00000000000006bb"],
      ["module plugins", "00000000000006bb"]]]]],
  ["Lean 4.27.0, commit db93fe1608548721853390a10cd40580fe7d22ae",
   "9a2be90fd35343e5"],
  ["/Users/nick.palladinos/Projects/typescript-lean/TSLean/TSLean.lean",
   "c7e6bfdfafc85117"],
  ["options", [["-DautoImplicit=false", "4a85acb881fd49d0"]]],
  ["Module.leanArgs: #[]", "00000000000006bb"]],
 "depHash": "d7ab656155535092"}