{"synthetic": false,
 "schemaVersion": "2025-09-10",
 "outputs":
 {"o": ["1614b0f2433e58ca.olean"],
  "i": "b0710141d901edca.ilean",
  "c": "41cc80f56db95b86.c"},
 "log":
 [{"message":
   ".> LEAN_PATH=/Users/nick.palladinos/Projects/typescript-lean/.lake/build/lib/lean /Users/nick.palladinos/.elan/toolchains/leanprover--lean4---v4.27.0/bin/lean /Users/nick.palladinos/Projects/typescript-lean/TSLean/TSLean/Scanner/Scanner.lean -o /Users/nick.palladinos/Projects/typescript-lean/.lake/build/lib/lean/TSLean/Scanner/Scanner.olean -i /Users/nick.palladinos/Projects/typescript-lean/.lake/build/lib/lean/TSLean/Scanner/Scanner.ilean -c /Users/nick.palladinos/Projects/typescript-lean/.lake/build/ir/TSLean/Scanner/Scanner.c --setup /Users/nick.palladinos/Projects/typescript-lean/.lake/build/ir/TSLean/Scanner/Scanner.setup.json --json",
   "level": "trace"}],
 "inputs":
 [["TSLean.Scanner.Scanner:deps",
   [["deps",
     [["«typescript-lean»/TSLean:extraDep",
       [["@«typescript-lean»:extraDep", "00000000000006bb"]]],
      ["imports",
       [["TSLean.Ast.SyntaxKind transitive imports (legacy)",
         "00000000000006bb"],
        ["TSLean.Ast.SyntaxKind:importAllArts", "6c2d0ca218766da6"],
        ["TSLean.Ast.Flags transitive imports (legacy)", "00000000000006bb"],
        ["TSLean.Ast.Flags:importAllArts", "50a9f4b47bc71600"],
        ["TSLean.Scanner.CharCodes transitive imports (legacy)",
         "00000000000006bb"],
        ["TSLean.Scanner.CharCodes:importAllArts", "1b7f427c0cb01fb1"],
        ["TSLean.Scanner.Keywords transitive imports (legacy)",
         "afa4d82c96483501"],
        ["TSLean.Scanner.Keywords:importAllArts", "a0e4004fefb891cd"]]]]],
    ["libs",
     [["import dynlibs", "00000000000006bb"],
      ["package external libraries", "00000000000006bb"],
      ["module dynlibs", "00000000000006bb"],
      ["module plugins", "00000000000006bb"]]]]],
  ["Lean 4.27.0, commit db93fe1608548721853390a10cd40580fe7d22ae",
   "9a2be90fd35343e5"],
  ["/Users/nick.palladinos/Projects/typescript-lean/TSLean/TSLean/Scanner/Scanner.lean",
   "eb3e660c3e33fd6d"],
  ["options", [["-DautoImplicit=false", "4a85acb881fd49d0"]]],
  ["Module.leanArgs: #[]", "00000000000006bb"]],
 "depHash": "df97393740c7e298"}