{"synthetic": false,
 "schemaVersion": "2025-09-10",
 "outputs":
 {"o": ["15ec04ac12619dc8.olean"],
  "i": "c340de444a426788.ilean",
  "c": "2df069f130a1cc3b.c"},
 "log":
 [{"message":
   ".> LEAN_PATH=/Users/nick.palladinos/Projects/typescript-lean/.lake/build/lib/lean /Users/nick.palladinos/.elan/toolchains/leanprover--lean4---v4.27.0/bin/lean /Users/nick.palladinos/Projects/typescript-lean/TSLean/TSLean/Core/TextRange.lean -o /Users/nick.palladinos/Projects/typescript-lean/.lake/build/lib/lean/TSLean/Core/TextRange.olean -i /Users/nick.palladinos/Projects/typescript-lean/.lake/build/lib/lean/TSLean/Core/TextRange.ilean -c /Users/nick.palladinos/Projects/typescript-lean/.lake/build/ir/TSLean/Core/TextRange.c --setup /Users/nick.palladinos/Projects/typescript-lean/.lake/build/ir/TSLean/Core/TextRange.setup.json --json",
   "level": "trace"}],
 "inputs":
 [["TSLean.Core.TextRange:deps",
   [["deps",
     [["«typescript-lean»/TSLean:extraDep",
       [["@«typescript-lean»:extraDep", "00000000000006bb"]]],
      ["imports", "00000000000006bb"]]],
    ["libs",
     [["import dynlibs", "00000000000006bb"],
      ["package external libraries", "00000000000006bb"],
      ["module dynlibs", "00000000000006bb"],
      ["module plugins", "00000000000006bb"]]]]],
  ["Lean 4.27.0, commit db93fe1608548721853390a10cd40580fe7d22ae",
   "9a2be90fd35343e5"],
  ["/Users/nick.palladinos/Projects/typescript-lean/TSLean/TSLean/Core/TextRange.lean",
   "073156a7713cda01"],
  ["options", [["-DautoImplicit=false", "4a85acb881fd49d0"]]],
  ["Module.leanArgs: #[]", "00000000000006bb"]],
 "depHash": "b22b5caec0027417"}