{"synthetic": false,
 "schemaVersion": "2025-09-10",
 "outputs":
 {"o": ["0d4b67fd2fa3f109.olean"],
  "i": "11babf48bc0bc04b.ilean",
  "c": "edb31cafcc731c6b.c"},
 "log":
 [{"message":
   ".> LEAN_PATH=/Users/nick.palladinos/Projects/typescript-lean/.lake/build/lib/lean /Users/nick.palladinos/.elan/toolchains/leanprover--lean4---v4.27.0/bin/lean /Users/nick.palladinos/Projects/typescript-lean/TSLean/TSLean/Diagnostics/Category.lean -o /Users/nick.palladinos/Projects/typescript-lean/.lake/build/lib/lean/TSLean/Diagnostics/Category.olean -i /Users/nick.palladinos/Projects/typescript-lean/.lake/build/lib/lean/TSLean/Diagnostics/Category.ilean -c /Users/nick.palladinos/Projects/typescript-lean/.lake/build/ir/TSLean/Diagnostics/Category.c --setup /Users/nick.palladinos/Projects/typescript-lean/.lake/build/ir/TSLean/Diagnostics/Category.setup.json --json",
   "level": "trace"}],
 "inputs":
 [["TSLean.Diagnostics.Category:deps",
   [["deps",
     [["«typescript-lean»/TSLean:extraDep",
       [["@«typescript-lean»:extraDep", "00000000000006bb"]]],
      ["imports", "00000000000006bb"]]],
    ["libs",
     [["import dynlibs", "00000000000006bb"],
      ["package external libraries", "00000000000006bb"],
      ["module dynlibs", "00000000000006bb"],
      ["module plugins", "00000000000006bb"]]]]],
  ["Lean 4.27.0, commit db93fe1608548721853390a10cd40580fe7d22ae",
   "9a2be90fd35343e5"],
  ["/Users/nick.palladinos/Projects/typescript-lean/TSLean/TSLean/Diagnostics/Category.lean",
   "7ab731d929e7114d"],
  ["options", [["-DautoImplicit=false", "4a85acb881fd49d0"]]],
  ["Module.leanArgs: #[]", "00000000000006bb"]],
 "depHash": "1cadb2c689d2402a"}